Traceback (most recent call last):
  File "/home/jovyan/.local/lib/python3.9/site-packages/jupyter_cache/executors/utils.py", line 51, in single_nb_execution
    executenb(
  File "/home/jovyan/.local/lib/python3.9/site-packages/nbclient/client.py", line 1204, in execute
    return NotebookClient(nb=nb, resources=resources, km=km, **kwargs).execute()
  File "/home/jovyan/.local/lib/python3.9/site-packages/nbclient/util.py", line 84, in wrapped
    return just_run(coro(*args, **kwargs))
  File "/home/jovyan/.local/lib/python3.9/site-packages/nbclient/util.py", line 62, in just_run
    return loop.run_until_complete(coro)
  File "/home/jovyan/envs/hw07/lib/python3.9/asyncio/base_events.py", line 647, in run_until_complete
    return future.result()
  File "/home/jovyan/.local/lib/python3.9/site-packages/nbclient/client.py", line 663, in async_execute
    await self.async_execute_cell(
  File "/home/jovyan/.local/lib/python3.9/site-packages/nbclient/client.py", line 965, in async_execute_cell
    await self._check_raise_for_error(cell, cell_index, exec_reply)
  File "/home/jovyan/.local/lib/python3.9/site-packages/nbclient/client.py", line 862, in _check_raise_for_error
    raise CellExecutionError.from_cell_and_msg(cell, exec_reply_content)
nbclient.exceptions.CellExecutionError: An error occurred while executing the following cell:
------------------
import numpy as np
import matplotlib.pyplot as pl

import scvelo as scv
scv.logging.print_version()
------------------

[0;31m---------------------------------------------------------------------------[0m
[0;31mImportError[0m                               Traceback (most recent call last)
Input [0;32mIn [1][0m, in [0;36m<cell line: 4>[0;34m()[0m
[1;32m      1[0m [38;5;28;01mimport[39;00m [38;5;21;01mnumpy[39;00m [38;5;28;01mas[39;00m [38;5;21;01mnp[39;00m
[1;32m      2[0m [38;5;28;01mimport[39;00m [38;5;21;01mmatplotlib[39;00m[38;5;21;01m.[39;00m[38;5;21;01mpyplot[39;00m [38;5;28;01mas[39;00m [38;5;21;01mpl[39;00m
[0;32m----> 4[0m [38;5;28;01mimport[39;00m [38;5;21;01mscvelo[39;00m [38;5;28;01mas[39;00m [38;5;21;01mscv[39;00m
[1;32m      5[0m scv[38;5;241m.[39mlogging[38;5;241m.[39mprint_version()

File [0;32m~/.local/lib/python3.9/site-packages/scvelo/__init__.py:2[0m, in [0;36m<module>[0;34m[0m
[1;32m      1[0m [38;5;124;03m"""scvelo - RNA velocity generalized through dynamical modeling"""[39;00m
[0;32m----> 2[0m [38;5;28;01mfrom[39;00m [38;5;21;01manndata[39;00m [38;5;28;01mimport[39;00m AnnData
[1;32m      3[0m [38;5;28;01mfrom[39;00m [38;5;21;01mscanpy[39;00m [38;5;28;01mimport[39;00m read, read_loom
[1;32m      5[0m [38;5;28;01mfrom[39;00m [38;5;21;01mscvelo[39;00m [38;5;28;01mimport[39;00m datasets, logging, pl, pp, settings, tl, utils

File [0;32m~/.local/lib/python3.9/site-packages/anndata/__init__.py:7[0m, in [0;36m<module>[0;34m[0m
[1;32m      5[0m [38;5;28;01mif[39;00m [38;5;129;01mnot[39;00m within_flit():
[1;32m      6[0m     [38;5;28;01mdel[39;00m within_flit
[0;32m----> 7[0m     [38;5;28;01mfrom[39;00m [38;5;21;01m.[39;00m[38;5;21;01m_core[39;00m[38;5;21;01m.[39;00m[38;5;21;01manndata[39;00m [38;5;28;01mimport[39;00m AnnData
[1;32m      8[0m     [38;5;28;01mfrom[39;00m [38;5;21;01m.[39;00m[38;5;21;01m_core[39;00m[38;5;21;01m.[39;00m[38;5;21;01mmerge[39;00m [38;5;28;01mimport[39;00m concat
[1;32m      9[0m     [38;5;28;01mfrom[39;00m [38;5;21;01m.[39;00m[38;5;21;01m_core[39;00m[38;5;21;01m.[39;00m[38;5;21;01mraw[39;00m [38;5;28;01mimport[39;00m Raw

File [0;32m~/.local/lib/python3.9/site-packages/anndata/_core/anndata.py:17[0m, in [0;36m<module>[0;34m[0m
[1;32m     14[0m [38;5;28;01mfrom[39;00m [38;5;21;01mtyping[39;00m [38;5;28;01mimport[39;00m Iterable, Sequence, Mapping, MutableMapping  [38;5;66;03m# Generic ABCs[39;00m
[1;32m     15[0m [38;5;28;01mfrom[39;00m [38;5;21;01mtyping[39;00m [38;5;28;01mimport[39;00m Tuple, List  [38;5;66;03m# Generic[39;00m
[0;32m---> 17[0m [38;5;28;01mimport[39;00m [38;5;21;01mh5py[39;00m
[1;32m     18[0m [38;5;28;01mfrom[39;00m [38;5;21;01mnatsort[39;00m [38;5;28;01mimport[39;00m natsorted
[1;32m     19[0m [38;5;28;01mimport[39;00m [38;5;21;01mnumpy[39;00m [38;5;28;01mas[39;00m [38;5;21;01mnp[39;00m

File [0;32m~/envs/hw07/lib/python3.9/site-packages/h5py/__init__.py:33[0m, in [0;36m<module>[0;34m[0m
[1;32m     30[0m     [38;5;28;01melse[39;00m:
[1;32m     31[0m         [38;5;28;01mraise[39;00m
[0;32m---> 33[0m [38;5;28;01mfrom[39;00m [38;5;21;01m.[39;00m [38;5;28;01mimport[39;00m version
[1;32m     35[0m [38;5;28;01mif[39;00m version[38;5;241m.[39mhdf5_version_tuple [38;5;241m!=[39m version[38;5;241m.[39mhdf5_built_version_tuple:
[1;32m     36[0m     _warn(([38;5;124m"[39m[38;5;124mh5py is running against HDF5 [39m[38;5;132;01m{0}[39;00m[38;5;124m when it was built against [39m[38;5;132;01m{1}[39;00m[38;5;124m, [39m[38;5;124m"[39m
[1;32m     37[0m            [38;5;124m"[39m[38;5;124mthis may cause problems[39m[38;5;124m"[39m)[38;5;241m.[39mformat(
[1;32m     38[0m             [38;5;124m'[39m[38;5;132;01m{0}[39;00m[38;5;124m.[39m[38;5;132;01m{1}[39;00m[38;5;124m.[39m[38;5;132;01m{2}[39;00m[38;5;124m'[39m[38;5;241m.[39mformat([38;5;241m*[39mversion[38;5;241m.[39mhdf5_version_tuple),
[1;32m     39[0m             [38;5;124m'[39m[38;5;132;01m{0}[39;00m[38;5;124m.[39m[38;5;132;01m{1}[39;00m[38;5;124m.[39m[38;5;132;01m{2}[39;00m[38;5;124m'[39m[38;5;241m.[39mformat([38;5;241m*[39mversion[38;5;241m.[39mhdf5_built_version_tuple)
[1;32m     40[0m     ))

File [0;32m~/envs/hw07/lib/python3.9/site-packages/h5py/version.py:15[0m, in [0;36m<module>[0;34m[0m
[1;32m     10[0m [38;5;124;03m"""[39;00m
[1;32m     11[0m [38;5;124;03m    Versioning module for h5py.[39;00m
[1;32m     12[0m [38;5;124;03m"""[39;00m
[1;32m     14[0m [38;5;28;01mfrom[39;00m [38;5;21;01mcollections[39;00m [38;5;28;01mimport[39;00m namedtuple
[0;32m---> 15[0m [38;5;28;01mfrom[39;00m [38;5;21;01m.[39;00m [38;5;28;01mimport[39;00m h5 [38;5;28;01mas[39;00m _h5
[1;32m     16[0m [38;5;28;01mimport[39;00m [38;5;21;01msys[39;00m
[1;32m     17[0m [38;5;28;01mimport[39;00m [38;5;21;01mnumpy[39;00m

File [0;32mh5py/h5.pyx:1[0m, in [0;36minit h5py.h5[0;34m()[0m

[0;31mImportError[0m: /home/jovyan/envs/hw07/lib/python3.9/site-packages/h5py/defs.cpython-39-x86_64-linux-gnu.so: undefined symbol: H5Pset_fapl_ros3
ImportError: /home/jovyan/envs/hw07/lib/python3.9/site-packages/h5py/defs.cpython-39-x86_64-linux-gnu.so: undefined symbol: H5Pset_fapl_ros3

