Traceback (most recent call last):
  File "/home/jovyan/.local/lib/python3.9/site-packages/jupyter_cache/executors/utils.py", line 51, in single_nb_execution
    executenb(
  File "/home/jovyan/.local/lib/python3.9/site-packages/nbclient/client.py", line 1204, in execute
    return NotebookClient(nb=nb, resources=resources, km=km, **kwargs).execute()
  File "/home/jovyan/.local/lib/python3.9/site-packages/nbclient/util.py", line 84, in wrapped
    return just_run(coro(*args, **kwargs))
  File "/home/jovyan/.local/lib/python3.9/site-packages/nbclient/util.py", line 62, in just_run
    return loop.run_until_complete(coro)
  File "/home/jovyan/envs/hw07/lib/python3.9/asyncio/base_events.py", line 647, in run_until_complete
    return future.result()
  File "/home/jovyan/.local/lib/python3.9/site-packages/nbclient/client.py", line 663, in async_execute
    await self.async_execute_cell(
  File "/home/jovyan/.local/lib/python3.9/site-packages/nbclient/client.py", line 965, in async_execute_cell
    await self._check_raise_for_error(cell, cell_index, exec_reply)
  File "/home/jovyan/.local/lib/python3.9/site-packages/nbclient/client.py", line 862, in _check_raise_for_error
    raise CellExecutionError.from_cell_and_msg(cell, exec_reply_content)
nbclient.exceptions.CellExecutionError: An error occurred while executing the following cell:
------------------
import numpy as np
import matplotlib.pyplot as pl
import scvelo as scv

scv.logging.print_version()

# the main tools we will be using is scVelo, a scalable toolkit for RNA velocity analysis in single cells

# created a scvtools package for the plotting functions
from scvtools import utils
------------------

[0;31m---------------------------------------------------------------------------[0m
[0;31mModuleNotFoundError[0m                       Traceback (most recent call last)
Input [0;32mIn [1][0m, in [0;36m<cell line: 10>[0;34m()[0m
[1;32m      5[0m scv[38;5;241m.[39mlogging[38;5;241m.[39mprint_version()
[1;32m      7[0m [38;5;66;03m# the main tools we will be using is scVelo, a scalable toolkit for RNA velocity analysis in single cells[39;00m
[1;32m      8[0m 
[1;32m      9[0m [38;5;66;03m# created a scvtools package for the plotting functions[39;00m
[0;32m---> 10[0m [38;5;28;01mfrom[39;00m [38;5;21;01mscvtools[39;00m [38;5;28;01mimport[39;00m utils

[0;31mModuleNotFoundError[0m: No module named 'scvtools'
ModuleNotFoundError: No module named 'scvtools'

